{"level":"info","message":"Auth middleware called for request: POST /questions","timestamp":"2025-08-24 23:42:49"}
{"level":"info","message":"Token received: present","timestamp":"2025-08-24 23:42:49"}
{"level":"info","message":"Auth middleware - token received","timestamp":"2025-08-24 23:42:49","token":"token-present"}
{"level":"info","message":"User authenticated successfully","role":"admin","timestamp":"2025-08-24 23:42:49","userId":71}
{"allowedRoles":["admin"],"level":"info","message":"Role middleware: Access granted","timestamp":"2025-08-24 23:42:49","userRole":"admin"}
{"answers":"[{\"text\":\"Paris\",\"isCorrect\":true},{\"text\":\"London\",\"isCorrect\":false},{\"text\":\"Berlin\",\"isCorrect\":false},{\"text\":\"Madrid\",\"isCorrect\":false}]","isHard":"true","level":"info","message":"Incoming request to add question:","text":"What is the capital of France?","timestamp":"2025-08-24 23:42:49","topicId":"1"}
{"0":{"children":[{"children":[{"children":[],"constraints":{"isInt":"id must be an integer number"},"property":"id","target":{"isCorrect":true,"text":"Paris"}}],"property":"0","target":[{"isCorrect":true,"text":"Paris"},{"isCorrect":false,"text":"London"},{"isCorrect":false,"text":"Berlin"},{"isCorrect":false,"text":"Madrid"}],"value":{"isCorrect":true,"text":"Paris"}},{"children":[{"children":[],"constraints":{"isInt":"id must be an integer number"},"property":"id","target":{"isCorrect":false,"text":"London"}}],"property":"1","target":[{"isCorrect":true,"text":"Paris"},{"isCorrect":false,"text":"London"},{"isCorrect":false,"text":"Berlin"},{"isCorrect":false,"text":"Madrid"}],"value":{"isCorrect":false,"text":"London"}},{"children":[{"children":[],"constraints":{"isInt":"id must be an integer number"},"property":"id","target":{"isCorrect":false,"text":"Berlin"}}],"property":"2","target":[{"isCorrect":true,"text":"Paris"},{"isCorrect":false,"text":"London"},{"isCorrect":false,"text":"Berlin"},{"isCorrect":false,"text":"Madrid"}],"value":{"isCorrect":false,"text":"Berlin"}},{"children":[{"children":[],"constraints":{"isInt":"id must be an integer number"},"property":"id","target":{"isCorrect":false,"text":"Madrid"}}],"property":"3","target":[{"isCorrect":true,"text":"Paris"},{"isCorrect":false,"text":"London"},{"isCorrect":false,"text":"Berlin"},{"isCorrect":false,"text":"Madrid"}],"value":{"isCorrect":false,"text":"Madrid"}}],"property":"answers","target":{"answers":[{"isCorrect":true,"text":"Paris"},{"isCorrect":false,"text":"London"},{"isCorrect":false,"text":"Berlin"},{"isCorrect":false,"text":"Madrid"}],"isHard":true,"text":"What is the capital of France?","topicId":1},"value":[{"isCorrect":true,"text":"Paris"},{"isCorrect":false,"text":"London"},{"isCorrect":false,"text":"Berlin"},{"isCorrect":false,"text":"Madrid"}]},"level":"error","message":"Validation errors:","timestamp":"2025-08-24 23:42:49"}
{"email":"admin@example.com","level":"info","message":"Login attempt","timestamp":"2025-08-24 23:43:12"}
{"email":"admin@example.com","level":"info","message":"Login successful","role":"admin","timestamp":"2025-08-24 23:43:13","userId":71}
{"level":"info","message":"Auth middleware called for request: POST /questions","timestamp":"2025-08-24 23:43:50"}
{"level":"info","message":"Token received: present","timestamp":"2025-08-24 23:43:50"}
{"level":"info","message":"Auth middleware - token received","timestamp":"2025-08-24 23:43:50","token":"token-present"}
{"level":"info","message":"User authenticated successfully","role":"admin","timestamp":"2025-08-24 23:43:50","userId":71}
{"allowedRoles":["admin"],"level":"info","message":"Role middleware: Access granted","timestamp":"2025-08-24 23:43:50","userRole":"admin"}
{"answers":"[{\"text\":\"Paris\",\"isCorrect\":true},{\"text\":\"London\",\"isCorrect\":false},{\"text\":\"Berlin\",\"isCorrect\":false},{\"text\":\"Madrid\",\"isCorrect\":false}]","isHard":"true","level":"info","message":"Incoming request to add question:","text":"What is the capital of France?","timestamp":"2025-08-24 23:43:50","topicId":"1"}
{"0":{"children":[{"children":[{"children":[],"constraints":{"isInt":"id must be an integer number"},"property":"id","target":{"isCorrect":true,"text":"Paris"}}],"property":"0","target":[{"isCorrect":true,"text":"Paris"},{"isCorrect":false,"text":"London"},{"isCorrect":false,"text":"Berlin"},{"isCorrect":false,"text":"Madrid"}],"value":{"isCorrect":true,"text":"Paris"}},{"children":[{"children":[],"constraints":{"isInt":"id must be an integer number"},"property":"id","target":{"isCorrect":false,"text":"London"}}],"property":"1","target":[{"isCorrect":true,"text":"Paris"},{"isCorrect":false,"text":"London"},{"isCorrect":false,"text":"Berlin"},{"isCorrect":false,"text":"Madrid"}],"value":{"isCorrect":false,"text":"London"}},{"children":[{"children":[],"constraints":{"isInt":"id must be an integer number"},"property":"id","target":{"isCorrect":false,"text":"Berlin"}}],"property":"2","target":[{"isCorrect":true,"text":"Paris"},{"isCorrect":false,"text":"London"},{"isCorrect":false,"text":"Berlin"},{"isCorrect":false,"text":"Madrid"}],"value":{"isCorrect":false,"text":"Berlin"}},{"children":[{"children":[],"constraints":{"isInt":"id must be an integer number"},"property":"id","target":{"isCorrect":false,"text":"Madrid"}}],"property":"3","target":[{"isCorrect":true,"text":"Paris"},{"isCorrect":false,"text":"London"},{"isCorrect":false,"text":"Berlin"},{"isCorrect":false,"text":"Madrid"}],"value":{"isCorrect":false,"text":"Madrid"}}],"property":"answers","target":{"answers":[{"isCorrect":true,"text":"Paris"},{"isCorrect":false,"text":"London"},{"isCorrect":false,"text":"Berlin"},{"isCorrect":false,"text":"Madrid"}],"isHard":true,"text":"What is the capital of France?","topicId":1},"value":[{"isCorrect":true,"text":"Paris"},{"isCorrect":false,"text":"London"},{"isCorrect":false,"text":"Berlin"},{"isCorrect":false,"text":"Madrid"}]},"level":"error","message":"Validation errors:","timestamp":"2025-08-24 23:43:50"}
{"level":"info","message":"Auth middleware called for request: POST /questions","timestamp":"2025-08-24 23:45:50"}
{"level":"info","message":"Token received: present","timestamp":"2025-08-24 23:45:50"}
{"level":"info","message":"Auth middleware - token received","timestamp":"2025-08-24 23:45:50","token":"token-present"}
{"level":"info","message":"User authenticated successfully","role":"admin","timestamp":"2025-08-24 23:45:50","userId":71}
{"allowedRoles":["admin"],"level":"info","message":"Role middleware: Access granted","timestamp":"2025-08-24 23:45:50","userRole":"admin"}
{"answers":"[{\"id\":1,\"text\":\"Paris\",\"isCorrect\":true},{\"id\":2,\"text\":\"London\",\"isCorrect\":false},{\"id\":3,\"text\":\"Berlin\",\"isCorrect\":false},{\"id\":4,\"text\":\"Madrid\",\"isCorrect\":false}]","isHard":"true","level":"info","message":"Incoming request to add question:","text":"What is the capital of France?","timestamp":"2025-08-24 23:45:50","topicId":"1"}
{"level":"info","message":"Question added: What is the capital of France?","timestamp":"2025-08-24 23:45:50"}
{"level":"info","message":"Auth middleware called for request: GET /questions","timestamp":"2025-08-24 23:46:25"}
{"level":"info","message":"Token received: present","timestamp":"2025-08-24 23:46:25"}
{"level":"info","message":"Auth middleware - token received","timestamp":"2025-08-24 23:46:25","token":"token-present"}
{"level":"info","message":"User authenticated successfully","role":"admin","timestamp":"2025-08-24 23:46:25","userId":71}
{"allowedRoles":["admin"],"level":"info","message":"Role middleware: Access granted","timestamp":"2025-08-24 23:46:25","userRole":"admin"}
{"level":"info","message":"Auth middleware called for request: GET /questions/210","timestamp":"2025-08-24 23:47:12"}
{"level":"info","message":"Token received: present","timestamp":"2025-08-24 23:47:12"}
{"level":"info","message":"Auth middleware - token received","timestamp":"2025-08-24 23:47:12","token":"token-present"}
{"level":"info","message":"User authenticated successfully","role":"admin","timestamp":"2025-08-24 23:47:12","userId":71}
{"allowedRoles":["admin"],"level":"info","message":"Role middleware: Access granted","timestamp":"2025-08-24 23:47:12","userRole":"admin"}
{"level":"info","message":"Auth middleware called for request: GET /me","timestamp":"2025-08-24 23:48:50"}
{"level":"info","message":"Token received: present","timestamp":"2025-08-24 23:48:50"}
{"level":"info","message":"Auth middleware - token received","timestamp":"2025-08-24 23:48:50","token":"token-present"}
{"level":"info","message":"User authenticated successfully","role":"admin","timestamp":"2025-08-24 23:48:50","userId":71}
{"allowedRoles":["user","admin"],"level":"info","message":"Role middleware: Access granted","timestamp":"2025-08-24 23:48:50","userRole":"admin"}
{"level":"info","message":"Auth middleware called for request: GET /me","timestamp":"2025-08-24 23:48:50"}
{"level":"info","message":"Token received: present","timestamp":"2025-08-24 23:48:50"}
{"level":"info","message":"Auth middleware - token received","timestamp":"2025-08-24 23:48:50","token":"token-present"}
{"level":"info","message":"User authenticated successfully","role":"admin","timestamp":"2025-08-24 23:48:50","userId":71}
{"allowedRoles":["user","admin"],"level":"info","message":"Role middleware: Access granted","timestamp":"2025-08-24 23:48:50","userRole":"admin"}
{"level":"info","message":"Auth middleware called for request: GET /questions/210","timestamp":"2025-08-24 23:48:50"}
{"level":"info","message":"Token received: present","timestamp":"2025-08-24 23:48:50"}
{"level":"info","message":"Auth middleware - token received","timestamp":"2025-08-24 23:48:50","token":"token-present"}
{"level":"info","message":"User authenticated successfully","role":"admin","timestamp":"2025-08-24 23:48:50","userId":71}
{"allowedRoles":["admin"],"level":"info","message":"Role middleware: Access granted","timestamp":"2025-08-24 23:48:50","userRole":"admin"}
{"level":"info","message":"Auth middleware called for request: GET /questions?page=1&limit=20","timestamp":"2025-08-24 23:48:51"}
{"level":"info","message":"Token received: present","timestamp":"2025-08-24 23:48:51"}
{"level":"info","message":"Auth middleware - token received","timestamp":"2025-08-24 23:48:51","token":"token-present"}
{"level":"info","message":"User authenticated successfully","role":"admin","timestamp":"2025-08-24 23:48:51","userId":71}
{"allowedRoles":["admin"],"level":"info","message":"Role middleware: Access granted","timestamp":"2025-08-24 23:48:51","userRole":"admin"}
{"level":"info","message":"Auth middleware called for request: GET /questions?page=11&limit=20","timestamp":"2025-08-24 23:48:58"}
{"level":"info","message":"Token received: present","timestamp":"2025-08-24 23:48:58"}
{"level":"info","message":"Auth middleware - token received","timestamp":"2025-08-24 23:48:58","token":"token-present"}
{"level":"info","message":"User authenticated successfully","role":"admin","timestamp":"2025-08-24 23:48:58","userId":71}
{"allowedRoles":["admin"],"level":"info","message":"Role middleware: Access granted","timestamp":"2025-08-24 23:48:58","userRole":"admin"}
{"level":"info","message":"Auth middleware called for request: GET /questions/215","timestamp":"2025-08-24 23:49:01"}
{"level":"info","message":"Token received: present","timestamp":"2025-08-24 23:49:01"}
{"level":"info","message":"Auth middleware - token received","timestamp":"2025-08-24 23:49:01","token":"token-present"}
{"level":"info","message":"User authenticated successfully","role":"admin","timestamp":"2025-08-24 23:49:01","userId":71}
{"allowedRoles":["admin"],"level":"info","message":"Role middleware: Access granted","timestamp":"2025-08-24 23:49:01","userRole":"admin"}
